mode: set
github.com/amartin3659/VacationHomeRental/internal/forms/errors.go:6.44,8.2 1 1
github.com/amartin3659/VacationHomeRental/internal/forms/errors.go:11.42,13.28 2 1
github.com/amartin3659/VacationHomeRental/internal/forms/errors.go:13.28,15.4 1 1
github.com/amartin3659/VacationHomeRental/internal/forms/errors.go:16.3,16.24 1 1
github.com/amartin3659/VacationHomeRental/internal/forms/forms.go:18.33,23.2 1 1
github.com/amartin3659/VacationHomeRental/internal/forms/forms.go:25.29,27.2 1 1
github.com/amartin3659/VacationHomeRental/internal/forms/forms.go:30.39,32.21 2 1
github.com/amartin3659/VacationHomeRental/internal/forms/forms.go:32.21,34.3 1 1
github.com/amartin3659/VacationHomeRental/internal/forms/forms.go:35.2,35.13 1 1
github.com/amartin3659/VacationHomeRental/internal/forms/forms.go:39.43,40.32 1 1
github.com/amartin3659/VacationHomeRental/internal/forms/forms.go:40.32,42.43 2 1
github.com/amartin3659/VacationHomeRental/internal/forms/forms.go:42.43,44.6 1 1
github.com/amartin3659/VacationHomeRental/internal/forms/forms.go:49.52,51.52 2 1
github.com/amartin3659/VacationHomeRental/internal/forms/forms.go:51.52,53.4 1 1
github.com/amartin3659/VacationHomeRental/internal/forms/forms.go:57.38,58.41 1 1
github.com/amartin3659/VacationHomeRental/internal/forms/forms.go:58.41,60.4 1 1
