mode: set
github.com/amartin3659/VacationHomeRental/internal/handlers/handlers.go:33.62,38.2 1 1
github.com/amartin3659/VacationHomeRental/internal/handlers/handlers.go:41.51,46.2 1 1
github.com/amartin3659/VacationHomeRental/internal/handlers/handlers.go:49.33,51.2 1 1
github.com/amartin3659/VacationHomeRental/internal/handlers/handlers.go:54.67,56.2 1 1
github.com/amartin3659/VacationHomeRental/internal/handlers/handlers.go:59.68,61.2 1 1
github.com/amartin3659/VacationHomeRental/internal/handlers/handlers.go:64.70,66.2 1 1
github.com/amartin3659/VacationHomeRental/internal/handlers/handlers.go:69.70,71.2 1 1
github.com/amartin3659/VacationHomeRental/internal/handlers/handlers.go:74.69,76.2 1 1
github.com/amartin3659/VacationHomeRental/internal/handlers/handlers.go:79.69,81.2 1 1
github.com/amartin3659/VacationHomeRental/internal/handlers/handlers.go:84.74,86.2 1 1
github.com/amartin3659/VacationHomeRental/internal/handlers/handlers.go:89.78,92.16 2 1
github.com/amartin3659/VacationHomeRental/internal/handlers/handlers.go:92.16,96.3 3 1
github.com/amartin3659/VacationHomeRental/internal/handlers/handlers.go:98.2,104.16 5 1
github.com/amartin3659/VacationHomeRental/internal/handlers/handlers.go:104.16,108.3 3 1
github.com/amartin3659/VacationHomeRental/internal/handlers/handlers.go:110.2,111.16 2 1
github.com/amartin3659/VacationHomeRental/internal/handlers/handlers.go:111.16,115.3 3 1
github.com/amartin3659/VacationHomeRental/internal/handlers/handlers.go:117.2,118.16 2 1
github.com/amartin3659/VacationHomeRental/internal/handlers/handlers.go:118.16,122.3 3 1
github.com/amartin3659/VacationHomeRental/internal/handlers/handlers.go:124.2,124.25 1 1
github.com/amartin3659/VacationHomeRental/internal/handlers/handlers.go:124.25,128.3 3 1
github.com/amartin3659/VacationHomeRental/internal/handlers/handlers.go:130.2,142.4 5 1
github.com/amartin3659/VacationHomeRental/internal/handlers/handlers.go:155.78,158.16 2 1
github.com/amartin3659/VacationHomeRental/internal/handlers/handlers.go:158.16,170.3 5 1
github.com/amartin3659/VacationHomeRental/internal/handlers/handlers.go:172.2,173.16 2 1
github.com/amartin3659/VacationHomeRental/internal/handlers/handlers.go:173.16,177.3 3 1
github.com/amartin3659/VacationHomeRental/internal/handlers/handlers.go:179.2,185.16 5 1
github.com/amartin3659/VacationHomeRental/internal/handlers/handlers.go:185.16,189.3 3 1
github.com/amartin3659/VacationHomeRental/internal/handlers/handlers.go:191.2,192.16 2 1
github.com/amartin3659/VacationHomeRental/internal/handlers/handlers.go:192.16,196.3 3 1
github.com/amartin3659/VacationHomeRental/internal/handlers/handlers.go:198.2,199.16 2 1
github.com/amartin3659/VacationHomeRental/internal/handlers/handlers.go:199.16,211.3 5 1
github.com/amartin3659/VacationHomeRental/internal/handlers/handlers.go:213.2,228.17 4 1
github.com/amartin3659/VacationHomeRental/internal/handlers/handlers.go:232.78,235.9 2 1
github.com/amartin3659/VacationHomeRental/internal/handlers/handlers.go:235.9,241.3 3 1
github.com/amartin3659/VacationHomeRental/internal/handlers/handlers.go:243.2,244.16 2 1
github.com/amartin3659/VacationHomeRental/internal/handlers/handlers.go:244.16,248.3 3 1
github.com/amartin3659/VacationHomeRental/internal/handlers/handlers.go:250.2,268.4 10 1
github.com/amartin3659/VacationHomeRental/internal/handlers/handlers.go:272.82,274.16 2 1
github.com/amartin3659/VacationHomeRental/internal/handlers/handlers.go:274.16,278.3 3 1
github.com/amartin3659/VacationHomeRental/internal/handlers/handlers.go:281.2,282.9 2 1
github.com/amartin3659/VacationHomeRental/internal/handlers/handlers.go:282.9,286.3 3 1
github.com/amartin3659/VacationHomeRental/internal/handlers/handlers.go:288.2,307.19 6 1
github.com/amartin3659/VacationHomeRental/internal/handlers/handlers.go:307.19,330.3 10 1
github.com/amartin3659/VacationHomeRental/internal/handlers/handlers.go:332.2,333.16 2 1
github.com/amartin3659/VacationHomeRental/internal/handlers/handlers.go:333.16,337.3 3 1
github.com/amartin3659/VacationHomeRental/internal/handlers/handlers.go:339.2,348.16 3 1
github.com/amartin3659/VacationHomeRental/internal/handlers/handlers.go:348.16,352.3 3 1
github.com/amartin3659/VacationHomeRental/internal/handlers/handlers.go:355.2,384.67 8 1
github.com/amartin3659/VacationHomeRental/internal/handlers/handlers.go:388.82,391.9 2 1
github.com/amartin3659/VacationHomeRental/internal/handlers/handlers.go:391.9,395.3 3 1
github.com/amartin3659/VacationHomeRental/internal/handlers/handlers.go:397.2,400.16 3 1
github.com/amartin3659/VacationHomeRental/internal/handlers/handlers.go:400.16,404.3 3 1
github.com/amartin3659/VacationHomeRental/internal/handlers/handlers.go:406.2,421.4 9 1
github.com/amartin3659/VacationHomeRental/internal/handlers/handlers.go:425.77,429.16 3 1
github.com/amartin3659/VacationHomeRental/internal/handlers/handlers.go:429.16,433.3 3 1
github.com/amartin3659/VacationHomeRental/internal/handlers/handlers.go:435.2,436.9 2 1
github.com/amartin3659/VacationHomeRental/internal/handlers/handlers.go:436.9,440.3 3 1
github.com/amartin3659/VacationHomeRental/internal/handlers/handlers.go:442.2,446.63 3 1
github.com/amartin3659/VacationHomeRental/internal/handlers/handlers.go:451.75,465.16 9 1
github.com/amartin3659/VacationHomeRental/internal/handlers/handlers.go:465.16,469.3 3 1
github.com/amartin3659/VacationHomeRental/internal/handlers/handlers.go:471.2,478.63 6 1
github.com/amartin3659/VacationHomeRental/internal/handlers/handlers.go:482.72,486.2 1 1
github.com/amartin3659/VacationHomeRental/internal/handlers/handlers.go:489.76,493.16 3 1
github.com/amartin3659/VacationHomeRental/internal/handlers/handlers.go:493.16,497.3 3 1
github.com/amartin3659/VacationHomeRental/internal/handlers/handlers.go:499.2,506.19 6 1
github.com/amartin3659/VacationHomeRental/internal/handlers/handlers.go:506.19,512.3 3 1
github.com/amartin3659/VacationHomeRental/internal/handlers/handlers.go:514.2,515.16 2 1
github.com/amartin3659/VacationHomeRental/internal/handlers/handlers.go:515.16,519.3 3 1
github.com/amartin3659/VacationHomeRental/internal/handlers/handlers.go:521.2,523.47 3 1
github.com/amartin3659/VacationHomeRental/internal/handlers/handlers.go:527.69,533.2 3 0
github.com/amartin3659/VacationHomeRental/internal/handlers/handlers.go:536.77,538.2 1 0
github.com/amartin3659/VacationHomeRental/internal/handlers/handlers.go:541.83,544.16 2 0
github.com/amartin3659/VacationHomeRental/internal/handlers/handlers.go:544.16,547.3 2 0
github.com/amartin3659/VacationHomeRental/internal/handlers/handlers.go:549.2,554.4 3 0
github.com/amartin3659/VacationHomeRental/internal/handlers/handlers.go:558.83,561.16 2 0
github.com/amartin3659/VacationHomeRental/internal/handlers/handlers.go:561.16,564.3 2 0
github.com/amartin3659/VacationHomeRental/internal/handlers/handlers.go:566.2,571.4 3 0
github.com/amartin3659/VacationHomeRental/internal/handlers/handlers.go:575.88,578.34 2 0
github.com/amartin3659/VacationHomeRental/internal/handlers/handlers.go:578.34,582.3 3 0
github.com/amartin3659/VacationHomeRental/internal/handlers/handlers.go:584.2,617.16 23 0
github.com/amartin3659/VacationHomeRental/internal/handlers/handlers.go:617.16,620.3 2 0
github.com/amartin3659/VacationHomeRental/internal/handlers/handlers.go:622.2,624.30 2 0
github.com/amartin3659/VacationHomeRental/internal/handlers/handlers.go:624.30,630.80 3 0
github.com/amartin3659/VacationHomeRental/internal/handlers/handlers.go:630.80,633.4 2 0
github.com/amartin3659/VacationHomeRental/internal/handlers/handlers.go:636.3,637.17 2 0
github.com/amartin3659/VacationHomeRental/internal/handlers/handlers.go:637.17,640.4 2 0
github.com/amartin3659/VacationHomeRental/internal/handlers/handlers.go:642.3,642.34 1 0
github.com/amartin3659/VacationHomeRental/internal/handlers/handlers.go:642.34,643.27 1 0
github.com/amartin3659/VacationHomeRental/internal/handlers/handlers.go:643.27,645.79 1 0
github.com/amartin3659/VacationHomeRental/internal/handlers/handlers.go:645.79,647.6 1 0
github.com/amartin3659/VacationHomeRental/internal/handlers/handlers.go:648.10,651.5 1 0
github.com/amartin3659/VacationHomeRental/internal/handlers/handlers.go:654.3,657.78 3 0
github.com/amartin3659/VacationHomeRental/internal/handlers/handlers.go:661.2,665.4 1 0
github.com/amartin3659/VacationHomeRental/internal/handlers/handlers.go:669.83,674.16 3 0
github.com/amartin3659/VacationHomeRental/internal/handlers/handlers.go:674.16,677.3 2 0
github.com/amartin3659/VacationHomeRental/internal/handlers/handlers.go:679.2,680.16 2 0
github.com/amartin3659/VacationHomeRental/internal/handlers/handlers.go:680.16,683.3 2 0
github.com/amartin3659/VacationHomeRental/internal/handlers/handlers.go:685.2,703.4 10 0
github.com/amartin3659/VacationHomeRental/internal/handlers/handlers.go:707.87,709.16 2 0
github.com/amartin3659/VacationHomeRental/internal/handlers/handlers.go:709.16,712.3 2 0
github.com/amartin3659/VacationHomeRental/internal/handlers/handlers.go:714.2,717.16 3 0
github.com/amartin3659/VacationHomeRental/internal/handlers/handlers.go:717.16,720.3 2 0
github.com/amartin3659/VacationHomeRental/internal/handlers/handlers.go:722.2,725.16 3 0
github.com/amartin3659/VacationHomeRental/internal/handlers/handlers.go:725.16,728.3 2 0
github.com/amartin3659/VacationHomeRental/internal/handlers/handlers.go:730.2,735.16 5 0
github.com/amartin3659/VacationHomeRental/internal/handlers/handlers.go:735.16,738.3 2 0
github.com/amartin3659/VacationHomeRental/internal/handlers/handlers.go:740.2,745.16 4 0
github.com/amartin3659/VacationHomeRental/internal/handlers/handlers.go:745.16,747.3 1 0
github.com/amartin3659/VacationHomeRental/internal/handlers/handlers.go:747.8,749.3 1 0
github.com/amartin3659/VacationHomeRental/internal/handlers/handlers.go:753.86,759.16 4 0
github.com/amartin3659/VacationHomeRental/internal/handlers/handlers.go:759.16,761.3 1 0
github.com/amartin3659/VacationHomeRental/internal/handlers/handlers.go:763.2,768.16 4 0
github.com/amartin3659/VacationHomeRental/internal/handlers/handlers.go:768.16,770.3 1 0
github.com/amartin3659/VacationHomeRental/internal/handlers/handlers.go:770.8,772.3 1 0
github.com/amartin3659/VacationHomeRental/internal/handlers/handlers.go:776.85,788.16 7 0
github.com/amartin3659/VacationHomeRental/internal/handlers/handlers.go:788.16,790.3 1 0
github.com/amartin3659/VacationHomeRental/internal/handlers/handlers.go:790.8,792.3 1 0
github.com/amartin3659/VacationHomeRental/internal/handlers/handlers.go:796.92,798.16 2 0
github.com/amartin3659/VacationHomeRental/internal/handlers/handlers.go:798.16,801.3 2 0
github.com/amartin3659/VacationHomeRental/internal/handlers/handlers.go:803.2,808.16 4 0
github.com/amartin3659/VacationHomeRental/internal/handlers/handlers.go:808.16,811.3 2 0
github.com/amartin3659/VacationHomeRental/internal/handlers/handlers.go:813.2,815.30 2 0
github.com/amartin3659/VacationHomeRental/internal/handlers/handlers.go:815.30,824.35 2 0
github.com/amartin3659/VacationHomeRental/internal/handlers/handlers.go:824.35,826.35 1 0
github.com/amartin3659/VacationHomeRental/internal/handlers/handlers.go:826.35,829.16 1 0
github.com/amartin3659/VacationHomeRental/internal/handlers/handlers.go:829.16,830.66 1 0
github.com/amartin3659/VacationHomeRental/internal/handlers/handlers.go:830.66,833.21 2 0
github.com/amartin3659/VacationHomeRental/internal/handlers/handlers.go:833.21,835.8 1 0
github.com/amartin3659/VacationHomeRental/internal/handlers/handlers.go:843.2,843.34 1 0
github.com/amartin3659/VacationHomeRental/internal/handlers/handlers.go:843.34,844.43 1 0
github.com/amartin3659/VacationHomeRental/internal/handlers/handlers.go:844.43,851.18 5 0
github.com/amartin3659/VacationHomeRental/internal/handlers/handlers.go:851.18,853.5 1 0
github.com/amartin3659/VacationHomeRental/internal/handlers/handlers.go:857.2,858.110 2 0
