mode: set
github.com/amartin3659/VacationHomeRental/internal/handlers/handlers.go:29.62,34.2 1 0
github.com/amartin3659/VacationHomeRental/internal/handlers/handlers.go:37.51,42.2 1 1
github.com/amartin3659/VacationHomeRental/internal/handlers/handlers.go:45.33,47.2 1 1
github.com/amartin3659/VacationHomeRental/internal/handlers/handlers.go:50.67,52.2 1 1
github.com/amartin3659/VacationHomeRental/internal/handlers/handlers.go:55.68,57.2 1 1
github.com/amartin3659/VacationHomeRental/internal/handlers/handlers.go:60.70,62.2 1 1
github.com/amartin3659/VacationHomeRental/internal/handlers/handlers.go:65.70,67.2 1 1
github.com/amartin3659/VacationHomeRental/internal/handlers/handlers.go:70.69,72.2 1 1
github.com/amartin3659/VacationHomeRental/internal/handlers/handlers.go:75.69,77.2 1 1
github.com/amartin3659/VacationHomeRental/internal/handlers/handlers.go:80.74,82.2 1 1
github.com/amartin3659/VacationHomeRental/internal/handlers/handlers.go:85.78,92.16 5 0
github.com/amartin3659/VacationHomeRental/internal/handlers/handlers.go:92.16,96.3 3 0
github.com/amartin3659/VacationHomeRental/internal/handlers/handlers.go:98.2,99.16 2 0
github.com/amartin3659/VacationHomeRental/internal/handlers/handlers.go:99.16,103.3 3 0
github.com/amartin3659/VacationHomeRental/internal/handlers/handlers.go:105.2,106.16 2 0
github.com/amartin3659/VacationHomeRental/internal/handlers/handlers.go:106.16,110.3 3 0
github.com/amartin3659/VacationHomeRental/internal/handlers/handlers.go:112.2,112.25 1 0
github.com/amartin3659/VacationHomeRental/internal/handlers/handlers.go:112.25,116.3 3 0
github.com/amartin3659/VacationHomeRental/internal/handlers/handlers.go:118.2,130.4 5 0
github.com/amartin3659/VacationHomeRental/internal/handlers/handlers.go:142.78,146.16 2 0
github.com/amartin3659/VacationHomeRental/internal/handlers/handlers.go:146.16,158.3 5 0
github.com/amartin3659/VacationHomeRental/internal/handlers/handlers.go:160.2,161.16 2 0
github.com/amartin3659/VacationHomeRental/internal/handlers/handlers.go:161.16,165.3 3 0
github.com/amartin3659/VacationHomeRental/internal/handlers/handlers.go:167.2,173.16 5 0
github.com/amartin3659/VacationHomeRental/internal/handlers/handlers.go:173.16,177.3 3 0
github.com/amartin3659/VacationHomeRental/internal/handlers/handlers.go:179.2,180.16 2 0
github.com/amartin3659/VacationHomeRental/internal/handlers/handlers.go:180.16,184.3 3 0
github.com/amartin3659/VacationHomeRental/internal/handlers/handlers.go:186.2,187.16 2 0
github.com/amartin3659/VacationHomeRental/internal/handlers/handlers.go:187.16,195.17 4 0
github.com/amartin3659/VacationHomeRental/internal/handlers/handlers.go:195.17,199.4 3 0
github.com/amartin3659/VacationHomeRental/internal/handlers/handlers.go:201.3,204.9 3 0
github.com/amartin3659/VacationHomeRental/internal/handlers/handlers.go:207.2,216.16 3 0
github.com/amartin3659/VacationHomeRental/internal/handlers/handlers.go:216.16,218.3 1 0
github.com/amartin3659/VacationHomeRental/internal/handlers/handlers.go:220.2,221.17 2 0
github.com/amartin3659/VacationHomeRental/internal/handlers/handlers.go:225.78,228.9 2 1
github.com/amartin3659/VacationHomeRental/internal/handlers/handlers.go:228.9,234.3 3 1
github.com/amartin3659/VacationHomeRental/internal/handlers/handlers.go:236.2,237.16 2 1
github.com/amartin3659/VacationHomeRental/internal/handlers/handlers.go:237.16,241.3 3 1
github.com/amartin3659/VacationHomeRental/internal/handlers/handlers.go:243.2,261.4 10 1
github.com/amartin3659/VacationHomeRental/internal/handlers/handlers.go:265.82,267.16 2 1
github.com/amartin3659/VacationHomeRental/internal/handlers/handlers.go:267.16,271.3 3 1
github.com/amartin3659/VacationHomeRental/internal/handlers/handlers.go:300.2,301.9 2 1
github.com/amartin3659/VacationHomeRental/internal/handlers/handlers.go:301.9,305.3 3 1
github.com/amartin3659/VacationHomeRental/internal/handlers/handlers.go:307.2,324.19 6 1
github.com/amartin3659/VacationHomeRental/internal/handlers/handlers.go:324.19,347.3 10 1
github.com/amartin3659/VacationHomeRental/internal/handlers/handlers.go:349.2,350.16 2 1
github.com/amartin3659/VacationHomeRental/internal/handlers/handlers.go:350.16,354.3 3 0
github.com/amartin3659/VacationHomeRental/internal/handlers/handlers.go:356.2,365.16 3 1
github.com/amartin3659/VacationHomeRental/internal/handlers/handlers.go:365.16,369.3 3 0
github.com/amartin3659/VacationHomeRental/internal/handlers/handlers.go:371.2,372.67 2 1
github.com/amartin3659/VacationHomeRental/internal/handlers/handlers.go:376.82,379.9 2 0
github.com/amartin3659/VacationHomeRental/internal/handlers/handlers.go:379.9,384.3 4 0
github.com/amartin3659/VacationHomeRental/internal/handlers/handlers.go:386.2,389.16 3 0
github.com/amartin3659/VacationHomeRental/internal/handlers/handlers.go:389.16,393.3 3 0
github.com/amartin3659/VacationHomeRental/internal/handlers/handlers.go:395.2,410.4 9 0
github.com/amartin3659/VacationHomeRental/internal/handlers/handlers.go:414.77,418.16 3 0
github.com/amartin3659/VacationHomeRental/internal/handlers/handlers.go:418.16,422.3 3 0
github.com/amartin3659/VacationHomeRental/internal/handlers/handlers.go:424.2,425.9 2 0
github.com/amartin3659/VacationHomeRental/internal/handlers/handlers.go:425.9,429.3 3 0
github.com/amartin3659/VacationHomeRental/internal/handlers/handlers.go:431.2,435.63 3 0
github.com/amartin3659/VacationHomeRental/internal/handlers/handlers.go:438.75,450.16 9 0
github.com/amartin3659/VacationHomeRental/internal/handlers/handlers.go:450.16,454.3 3 0
github.com/amartin3659/VacationHomeRental/internal/handlers/handlers.go:456.2,462.63 6 0
